<?xml version="1.0" encoding="UTF-8"?>
<!-- Generated by org.testng.reporters.JUnitReportReporter -->
<testsuite skipped="0" name="seleniumPractice.MainClass" tests="1" failures="0" timestamp="07 Dec 2018 08:40:44 GMT" time="26.592" errors="0">
  <testcase name="test" time="26.592" classname="seleniumPractice.MainClass"/>
</testsuite> <!-- seleniumPractice.MainClass -->
